0 verbose cli C:\nvm4w\nodejs\node.exe C:\nvm4w\nodejs\node_modules\npm\bin\npm-cli.js
1 info using npm@10.9.4
2 info using node@v22.22.0
3 silly config load:file:C:\Users\fahad\AppData\Local\nvm\v22.22.0\node_modules\npm\npmrc
4 silly config load:file:D:\JVO-LAbs\.npmrc
5 silly config load:file:C:\Users\fahad\.npmrc
6 silly config load:file:C:\nvm4w\nodejs\etc\npmrc
7 verbose title npm install tailwindcss postcss autoprefixer
8 verbose argv "install" "--save-dev" "tailwindcss" "postcss" "autoprefixer" "--cache" ".npm-cache" "--no-audit" "--no-fund"
9 verbose logfile logs-max:10 dir:D:\JVO-LAbs\.npm-cache\_logs\2026-03-03T20_42_06_352Z-
10 verbose logfile D:\JVO-LAbs\.npm-cache\_logs\2026-03-03T20_42_06_352Z-debug-0.log
11 silly logfile done cleaning log files
12 silly packumentCache heap:4345298944 maxSize:1086324736 maxEntrySize:543162368
13 silly idealTree buildDeps
14 silly fetch manifest autoprefixer@^10.4.20
15 silly packumentCache full:https://registry.npmjs.org/autoprefixer cache-miss
16 http fetch GET https://registry.npmjs.org/npm attempt 1 failed with EACCES
17 http fetch GET https://registry.npmjs.org/autoprefixer attempt 1 failed with EACCES
18 http fetch GET https://registry.npmjs.org/npm attempt 2 failed with EACCES
19 http fetch GET https://registry.npmjs.org/autoprefixer attempt 2 failed with EACCES
20 http fetch GET https://registry.npmjs.org/npm attempt 3 failed with EACCES
21 http fetch GET https://registry.npmjs.org/autoprefixer attempt 3 failed with EACCES
22 silly fetch manifest postcss@^8.4.47
23 silly packumentCache full:https://registry.npmjs.org/postcss cache-miss
24 http fetch GET https://registry.npmjs.org/postcss attempt 1 failed with EACCES
25 http fetch GET https://registry.npmjs.org/postcss attempt 2 failed with EACCES
26 http fetch GET https://registry.npmjs.org/postcss attempt 3 failed with EACCES
27 silly fetch manifest tailwindcss@^3.4.14
28 silly packumentCache full:https://registry.npmjs.org/tailwindcss cache-miss
29 http fetch GET https://registry.npmjs.org/tailwindcss attempt 1 failed with EACCES
30 http fetch GET https://registry.npmjs.org/tailwindcss attempt 2 failed with EACCES
31 http fetch GET https://registry.npmjs.org/tailwindcss attempt 3 failed with EACCES
32 silly placeDep ROOT autoprefixer@ OK for: vehicle-platform-skeleton@0.1.0 want: ^10.4.20
33 silly placeDep ROOT postcss@ REPLACE for: vehicle-platform-skeleton@0.1.0 want: ^8.4.47
34 silly placeDep ROOT tailwindcss@ OK for: vehicle-platform-skeleton@0.1.0 want: ^3.4.14
35 verbose type system
36 verbose stack FetchError: request to https://registry.npmjs.org/autoprefixer failed, reason: 
36 verbose stack     at ClientRequest.<anonymous> (C:\Users\fahad\AppData\Local\nvm\v22.22.0\node_modules\npm\node_modules\minipass-fetch\lib\index.js:130:14)
36 verbose stack     at ClientRequest.emit (node:events:519:28)
36 verbose stack     at emitErrorEvent (node:_http_client:107:11)
36 verbose stack     at _destroy (node:_http_client:954:9)
36 verbose stack     at onSocketNT (node:_http_client:974:5)
36 verbose stack     at process.processTicksAndRejections (node:internal/process/task_queues:91:21)
37 error code EACCES
38 error errno EACCES
39 error FetchError: request to https://registry.npmjs.org/autoprefixer failed, reason: 
39 error     at ClientRequest.<anonymous> (C:\Users\fahad\AppData\Local\nvm\v22.22.0\node_modules\npm\node_modules\minipass-fetch\lib\index.js:130:14)
39 error     at ClientRequest.emit (node:events:519:28)
39 error     at emitErrorEvent (node:_http_client:107:11)
39 error     at _destroy (node:_http_client:954:9)
39 error     at onSocketNT (node:_http_client:974:5)
39 error     at process.processTicksAndRejections (node:internal/process/task_queues:91:21) {
39 error   code: 'EACCES',
39 error   errno: 'EACCES',
39 error   type: 'system',
39 error   requiredBy: '.'
39 error }
40 error
40 error The operation was rejected by your operating system.
40 error It's possible that the file was already in use (by a text editor or antivirus),
40 error or that you lack permissions to access it.
40 error
40 error If you believe this might be a permissions issue, please double-check the
40 error permissions of the file and its containing directories, or try running
40 error the command again as root/Administrator.
41 silly unfinished npm timer reify 1772570528354
42 silly unfinished npm timer reify:loadTrees 1772570528354
43 verbose cwd D:\JVO-LAbs
44 verbose os Windows_NT 10.0.26200
45 verbose node v22.22.0
46 verbose npm  v10.9.4
47 verbose exit 1
48 verbose code 1
49 error A complete log of this run can be found in: D:\JVO-LAbs\.npm-cache\_logs\2026-03-03T20_42_06_352Z-debug-0.log
